<?xml version="1.0" encoding="UTF-8"?>
<robot generator="Robot 7.0 (Python 3.8.10 on linux)" generated="2024-02-08T17:13:30.719920" rpa="false" schemaversion="5">
<suite id="s1" name="AndroidAppTest" source="/home/richatyagi/PycharmProjects/pythonProject/AndroidTest/testcases/AndroidAppTest.robot">
<kw name="Run Keywords" owner="BuiltIn" type="SETUP">
<kw name="Open SurePass On Browser" owner="LoginPageResource">
<kw name="Open Browser" owner="Web">
<msg time="2024-02-08T17:13:31.275247" level="INFO">Opening browser 'Chrome' to base url 'https://mfa-alpha.surepassid.com/default.aspx'.</msg>
<arg>url=${url}</arg>
<arg>browser=${Browser}</arg>
<doc>Opens a new browser instance to the optional ``url``.</doc>
<status status="PASS" start="2024-02-08T17:13:31.274741" elapsed="3.142575"/>
</kw>
<kw name="Maximize Browser Window" owner="Web">
<doc>Maximizes current browser window.</doc>
<status status="PASS" start="2024-02-08T17:13:34.419233" elapsed="0.114418"/>
</kw>
<kw name="Wait Until Element Is Visible" owner="Web">
<arg>${expectedElement}</arg>
<arg>${StandardTimeout}</arg>
<doc>Waits until the element ``locator`` is visible.</doc>
<status status="PASS" start="2024-02-08T17:13:34.534754" elapsed="0.112623"/>
</kw>
<status status="PASS" start="2024-02-08T17:13:31.274221" elapsed="3.374091"/>
</kw>
<kw name="Submit 2FA Page Using Email OTP" owner="LoginPageResource">
<kw name="Submit First Login Page" owner="LoginPageResource">
<kw name="Wait Until Element Is Enabled" owner="Web">
<arg>${AccountNameLocator}</arg>
<arg>${StandardTimeout}</arg>
<doc>Waits until the element ``locator`` is enabled.</doc>
<status status="PASS" start="2024-02-08T17:13:34.655175" elapsed="0.084628"/>
</kw>
<kw name="Input Text" owner="Web">
<msg time="2024-02-08T17:13:34.741323" level="INFO">Typing text 'volansys.com' into text field 'css:[name='tbxDomain_Name']'.</msg>
<arg>${AccountNameLocator}</arg>
<arg>${AccountName}</arg>
<doc>Types the given ``text`` into the text field identified by ``locator``.</doc>
<status status="PASS" start="2024-02-08T17:13:34.740571" elapsed="0.123542"/>
</kw>
<kw name="Wait Until Element Is Enabled" owner="Web">
<arg>${UserNameLocator}</arg>
<arg>${StandardTimeout}</arg>
<doc>Waits until the element ``locator`` is enabled.</doc>
<status status="PASS" start="2024-02-08T17:13:34.864578" elapsed="0.023165"/>
</kw>
<kw name="Input Text" owner="Web">
<msg time="2024-02-08T17:13:34.888600" level="INFO">Typing text 'Kalpesh.Patel' into text field 'css:[name='tbxUser_Name']'.</msg>
<arg>${UserNameLocator}</arg>
<arg>${UserName}</arg>
<doc>Types the given ``text`` into the text field identified by ``locator``.</doc>
<status status="PASS" start="2024-02-08T17:13:34.888220" elapsed="0.079185"/>
</kw>
<kw name="Wait Until Element Is Enabled" owner="Web">
<arg>${PasswordLocator}</arg>
<arg>${StandardTimeout}</arg>
<doc>Waits until the element ``locator`` is enabled.</doc>
<status status="PASS" start="2024-02-08T17:13:34.967835" elapsed="0.021498"/>
</kw>
<kw name="Input Text" owner="Web">
<msg time="2024-02-08T17:13:34.990184" level="INFO">Typing text 'Volansys@123' into text field 'css:[name='tbxPassword']'.</msg>
<arg>${PasswordLocator}</arg>
<arg>${Password}</arg>
<doc>Types the given ``text`` into the text field identified by ``locator``.</doc>
<status status="PASS" start="2024-02-08T17:13:34.989796" elapsed="0.072389"/>
</kw>
<kw name="Click Element" owner="Web">
<msg time="2024-02-08T17:13:35.063174" level="INFO">Clicking element 'css:[id='btnLogin']'.</msg>
<arg>${SignInButton}</arg>
<doc>Click the element identified by ``locator``.</doc>
<status status="PASS" start="2024-02-08T17:13:35.062786" elapsed="0.642745"/>
</kw>
<status status="PASS" start="2024-02-08T17:13:34.653474" elapsed="1.052486"/>
</kw>
<kw name="Wait Until Element Is Enabled" owner="Web">
<arg>${OtpTextBox}</arg>
<arg>${StandardTimeout}</arg>
<doc>Waits until the element ``locator`` is enabled.</doc>
<status status="PASS" start="2024-02-08T17:13:35.707012" elapsed="0.039156"/>
</kw>
<kw name="Wait Until Element Is Visible" owner="Web">
<arg>${EmailIcon}</arg>
<arg>${StandardTimeout}</arg>
<doc>Waits until the element ``locator`` is visible.</doc>
<status status="PASS" start="2024-02-08T17:13:35.746931" elapsed="0.038193"/>
</kw>
<kw name="Click Element" owner="Web">
<msg time="2024-02-08T17:13:35.786063" level="INFO">Clicking element 'css:[id='btnEMailOTP']'.</msg>
<arg>${EmailIcon}</arg>
<doc>Click the element identified by ``locator``.</doc>
<status status="PASS" start="2024-02-08T17:13:35.785647" elapsed="0.063859"/>
</kw>
<kw name="Sleep" owner="BuiltIn">
<msg time="2024-02-08T17:13:40.850740" level="INFO">Slept 5 seconds.</msg>
<arg>${SleepDelay5s}</arg>
<doc>Pauses the test executed for the given time.</doc>
<status status="PASS" start="2024-02-08T17:13:35.849985" elapsed="5.001259"/>
</kw>
<kw name="Open Mailbox" owner="ImapLibrary2">
<msg time="2024-02-08T17:13:41.868094" level="FAIL">error: b'[AUTHENTICATIONFAILED] Invalid credentials (Failure)'</msg>
<arg>host=${GmailHost}</arg>
<arg>user=${GmailId}</arg>
<arg>password=${GmailPassword}</arg>
<doc>Open IMAP email client session to given ``host`` with given ``user`` and ``password``.</doc>
<status status="FAIL" start="2024-02-08T17:13:40.852442" elapsed="1.017580">error: b'[AUTHENTICATIONFAILED] Invalid credentials (Failure)'</status>
</kw>
<kw name="Wait For Email" owner="ImapLibrary2">
<var>${LATEST}</var>
<arg>sender=${MailSenderId}</arg>
<arg>status=UNSEEN</arg>
<arg>timeout=300</arg>
<doc>Wait for email message to arrived base on any given filter criteria.
Returns email index of the latest email message received.</doc>
<status status="NOT RUN" start="2024-02-08T17:13:41.871893" elapsed="0.000190"/>
</kw>
<kw name="Get Email Body" owner="ImapLibrary2">
<var>${HTML}</var>
<arg>${LATEST}</arg>
<doc>Returns the decoded email body on multipart email message,
otherwise returns the body text.</doc>
<status status="NOT RUN" start="2024-02-08T17:13:41.873315" elapsed="0.000166"/>
</kw>
<kw name="Get Regexp Matches" owner="String">
<var>${otpText}</var>
<arg>${HTML}</arg>
<arg>\\d{${OtpLength}}</arg>
<doc>Returns a list of all non-overlapping matches in the given string.</doc>
<status status="NOT RUN" start="2024-02-08T17:13:41.874316" elapsed="0.000128"/>
</kw>
<kw name="Delete Email" owner="ImapLibrary2">
<arg>${LATEST}</arg>
<doc>Delete email on given ``email_index``.</doc>
<status status="NOT RUN" start="2024-02-08T17:13:41.875224" elapsed="0.000124"/>
</kw>
<kw name="Input Text" owner="Web">
<arg>${OtpTextBox}</arg>
<arg>${otpText}[0]</arg>
<doc>Types the given ``text`` into the text field identified by ``locator``.</doc>
<status status="NOT RUN" start="2024-02-08T17:13:41.876113" elapsed="0.000124"/>
</kw>
<kw name="Click Element" owner="Web">
<arg>${VerifyOtpButton}</arg>
<doc>Click the element identified by ``locator``.</doc>
<status status="NOT RUN" start="2024-02-08T17:13:41.876967" elapsed="0.000120"/>
</kw>
<kw name="Select the Checkbox if Terms of Use Page is visible" owner="LoginPageResource">
<status status="NOT RUN" start="2024-02-08T17:13:41.878004" elapsed="0.000145"/>
</kw>
<arg>6</arg>
<status status="FAIL" start="2024-02-08T17:13:34.651048" elapsed="7.227606">error: b'[AUTHENTICATIONFAILED] Invalid credentials (Failure)'</status>
</kw>
<arg>Open SurePass On Browser</arg>
<arg>AND</arg>
<arg>Submit 2FA Page Using Email OTP</arg>
<arg>6</arg>
<doc>Executes all the given keywords in a sequence.</doc>
<status status="FAIL" start="2024-02-08T17:13:31.273785" elapsed="10.605232">error: b'[AUTHENTICATIONFAILED] Invalid credentials (Failure)'</status>
</kw>
<test id="s1-t1" name="Verify User is able to add the first token and recieve henceforth notifications after allowing the notifications permission." line="13">
<tag>Android_Auth_007</tag>
<tag>SurePassID_M1</tag>
<tag>SurePassId_Mobile</tag>
<status status="FAIL" start="2024-02-08T17:13:41.879577" elapsed="0.002606">Parent suite setup failed:
error: b'[AUTHENTICATIONFAILED] Invalid credentials (Failure)'</status>
</test>
<kw name="Close All Browsers" owner="Web" type="TEARDOWN">
<doc>Closes all open browsers and resets the browser cache.</doc>
<status status="PASS" start="2024-02-08T17:13:41.885136" elapsed="0.066244"/>
</kw>
<status status="FAIL" start="2024-02-08T17:13:30.720815" elapsed="11.230777">Suite setup failed:
error: b'[AUTHENTICATIONFAILED] Invalid credentials (Failure)'</status>
</suite>
<statistics>
<total>
<stat pass="0" fail="1" skip="0">All Tests</stat>
</total>
<tag>
<stat pass="0" fail="1" skip="0">Android_Auth_007</stat>
<stat pass="0" fail="1" skip="0">SurePassID_M1</stat>
<stat pass="0" fail="1" skip="0">SurePassId_Mobile</stat>
</tag>
<suite>
<stat pass="0" fail="1" skip="0" id="s1" name="AndroidAppTest">AndroidAppTest</stat>
</suite>
</statistics>
<errors>
<msg time="2024-02-08T17:13:30.745810" level="WARN">Error in file '/home/richatyagi/PycharmProjects/pythonProject/AndroidTest/resources/LoginPageResource.robot' on line 155: The 'RETURN' setting is deprecated. Use the 'RETURN' statement instead.</msg>
<msg time="2024-02-08T17:13:30.855686" level="ERROR">Error in file '/home/richatyagi/PycharmProjects/pythonProject/AndroidTest/resources/LoginPageResource.robot' on line 11: Importing library 'ApplicationLibrary.DesktopLibrary' failed: ModuleNotFoundError: No module named 'Zoomba'
Traceback (most recent call last):
  None
PYTHONPATH:
  /home/richatyagi/PycharmProjects/pythonProject/AndroidTest/testcases
  /home/richatyagi/PycharmProjects/pythonProject/AndroidTest/testcases
  /home/richatyagi/PycharmProjects/pythonProject/.venv/lib/python3.8/site-packages
  /usr/lib/python38.zip
  /usr/lib/python3.8
  /usr/lib/python3.8/lib-dynload</msg>
<msg time="2024-02-08T17:13:30.981946" level="WARN">Error in file '/home/richatyagi/PycharmProjects/pythonProject/AndroidTest/resources/UsersPageResource.robot' on line 567: The 'RETURN' setting is deprecated. Use the 'RETURN' statement instead.</msg>
<msg time="2024-02-08T17:13:30.982164" level="WARN">Error in file '/home/richatyagi/PycharmProjects/pythonProject/AndroidTest/resources/UsersPageResource.robot' on line 582: The 'RETURN' setting is deprecated. Use the 'RETURN' statement instead.</msg>
<msg time="2024-02-08T17:13:30.985034" level="WARN">Error in file '/home/richatyagi/PycharmProjects/pythonProject/AndroidTest/resources/UsersPageResource.robot' on line 902: The 'RETURN' setting is deprecated. Use the 'RETURN' statement instead.</msg>
<msg time="2024-02-08T17:13:30.985196" level="WARN">Error in file '/home/richatyagi/PycharmProjects/pythonProject/AndroidTest/resources/UsersPageResource.robot' on line 913: The 'RETURN' setting is deprecated. Use the 'RETURN' statement instead.</msg>
<msg time="2024-02-08T17:13:30.985345" level="WARN">Error in file '/home/richatyagi/PycharmProjects/pythonProject/AndroidTest/resources/UsersPageResource.robot' on line 923: The 'RETURN' setting is deprecated. Use the 'RETURN' statement instead.</msg>
<msg time="2024-02-08T17:13:30.985464" level="WARN">Error in file '/home/richatyagi/PycharmProjects/pythonProject/AndroidTest/resources/UsersPageResource.robot' on line 929: The 'RETURN' setting is deprecated. Use the 'RETURN' statement instead.</msg>
<msg time="2024-02-08T17:13:31.010908" level="WARN">Error in file '/home/richatyagi/PycharmProjects/pythonProject/AndroidTest/resources/TokenPageResource.robot' on line 205: The 'RETURN' setting is deprecated. Use the 'RETURN' statement instead.</msg>
<msg time="2024-02-08T17:13:31.033161" level="ERROR">Error in file '/home/richatyagi/PycharmProjects/pythonProject/AndroidTest/locators/TokenGroupLocator.robot' on line 2: Resource file '../Labels/TokenGroupLabel.robot' does not exist.</msg>
<msg time="2024-02-08T17:13:31.033367" level="ERROR">Error in file '/home/richatyagi/PycharmProjects/pythonProject/AndroidTest/locators/TokenGroupLocator.robot' on line 3: Resource file '../Labels/LoginPageLabel.robot' does not exist.</msg>
<msg time="2024-02-08T17:13:31.034749" level="ERROR">Error in file '/home/richatyagi/PycharmProjects/pythonProject/AndroidTest/resources/TokenPageResource.robot' on line 11: Resource file '../Resources/AndroidResource.robot' does not exist.</msg>
<msg time="2024-02-08T17:13:31.046388" level="WARN">Error in file '/home/richatyagi/PycharmProjects/pythonProject/AndroidTest/resources/AddNewSoftTokenResource.robot' on line 50: The 'RETURN' setting is deprecated. Use the 'RETURN' statement instead.</msg>
<msg time="2024-02-08T17:13:31.046613" level="WARN">Error in file '/home/richatyagi/PycharmProjects/pythonProject/AndroidTest/resources/AddNewSoftTokenResource.robot' on line 56: The 'RETURN' setting is deprecated. Use the 'RETURN' statement instead.</msg>
<msg time="2024-02-08T17:13:31.066229" level="WARN">Error in file '/home/richatyagi/PycharmProjects/pythonProject/AndroidTest/labels/CustomizeEmailMsgLabel.robot' on line 1: Singular section headers like '*** Variable ***' are deprecated. Use plural format like '*** Variables ***' instead.</msg>
<msg time="2024-02-08T17:13:31.080402" level="WARN">Error in file '/home/richatyagi/PycharmProjects/pythonProject/AndroidTest/resources/AndroidResource.robot' on line 258: The 'RETURN' setting is deprecated. Use the 'RETURN' statement instead.</msg>
<msg time="2024-02-08T17:13:31.110031" level="ERROR">Error in file '/home/richatyagi/PycharmProjects/pythonProject/AndroidTest/locators/TokenGroupLocator.robot' on line 39: Setting variable '${DeleteCheckBox}' failed: Variable '${DescriptionText}' not found.</msg>
<msg time="2024-02-08T17:13:31.122361" level="ERROR">Error in file '/home/richatyagi/PycharmProjects/pythonProject/AndroidTest/locators/TokenGroupLocator.robot' on line 27: Setting variable '${DeleteLinkToken}' failed: Variable '${DescriptionText}' not found.</msg>
<msg time="2024-02-08T17:13:31.136458" level="ERROR">Error in file '/home/richatyagi/PycharmProjects/pythonProject/AndroidTest/locators/TokenGroupLocator.robot' on line 34: Setting variable '${DeleteLinkUpdatedToken}' failed: Variable '${UpdateDecriptionText}' not found. Did you mean:
    ${UpdateDecriptionTextGrid}
    ${NewUpdatedDecriptionText}
    ${UpdateDecription}</msg>
<msg time="2024-02-08T17:13:31.149731" level="ERROR">Error in file '/home/richatyagi/PycharmProjects/pythonProject/AndroidTest/locators/TokenGroupLocator.robot' on line 25: Setting variable '${EditDescriptionGrid}' failed: Variable '${DescriptionText}' not found.</msg>
<msg time="2024-02-08T17:13:31.165898" level="ERROR">Error in file '/home/richatyagi/PycharmProjects/pythonProject/AndroidTest/locators/TokenGroupLocator.robot' on line 38: Setting variable '${GetValueFromEditDescriptionGrid}' failed: Variable '${DescriptionText}' not found.</msg>
<msg time="2024-02-08T17:13:31.177232" level="ERROR">Error in file '/home/richatyagi/PycharmProjects/pythonProject/AndroidTest/locators/TokenGroupLocator.robot' on line 28: Setting variable '${IdentifyToken}' failed: Variable '${DescriptionText}' not found.</msg>
<msg time="2024-02-08T17:13:31.190487" level="ERROR">Error in file '/home/richatyagi/PycharmProjects/pythonProject/AndroidTest/locators/TokenGroupLocator.robot' on line 33: Setting variable '${NewUpdatedDecriptionText}' failed: Variable '${UpdateDecriptionText}' not found. Did you mean:
    ${UpdateDecriptionTextGrid}
    ${NewUpdatedDecriptionText}
    ${UpdateDecription}</msg>
<msg time="2024-02-08T17:13:31.203413" level="ERROR">Error in file '/home/richatyagi/PycharmProjects/pythonProject/AndroidTest/locators/TokenGroupLocator.robot' on line 31: Setting variable '${SecoundUserUpdateDecription}' failed: Variable '${UpdateDecriptionText}' not found. Did you mean:
    ${UpdateDecriptionTextGrid}
    ${UpdateDecription}</msg>
<msg time="2024-02-08T17:13:31.216017" level="ERROR">Error in file '/home/richatyagi/PycharmProjects/pythonProject/AndroidTest/locators/TokenGroupLocator.robot' on line 35: Setting variable '${UpdatedDeleteCheckBox}' failed: Variable '${UpdateDecriptionText}' not found. Did you mean:
    ${UpdateDecriptionTextGrid}
    ${UpdateDecription}</msg>
<msg time="2024-02-08T17:13:31.228515" level="ERROR">Error in file '/home/richatyagi/PycharmProjects/pythonProject/AndroidTest/locators/TokenGroupLocator.robot' on line 32: Setting variable '${UpdatedDeleteLinkToken}' failed: Variable '${UpdateDecriptionText}' not found. Did you mean:
    ${UpdateDecriptionTextGrid}
    ${UpdateDecription}</msg>
<msg time="2024-02-08T17:13:31.239784" level="ERROR">Error in file '/home/richatyagi/PycharmProjects/pythonProject/AndroidTest/locators/TokenGroupLocator.robot' on line 26: Setting variable '${UpdateDecriptionTextGrid}' failed: Variable '${UpdateDecriptionText}' not found. Did you mean:
    ${UpdateDecriptionTextGrid}
    ${UpdateDecription}</msg>
<msg time="2024-02-08T17:13:31.252929" level="ERROR">Error in file '/home/richatyagi/PycharmProjects/pythonProject/AndroidTest/locators/TokenGroupLocator.robot' on line 29: Setting variable '${UpdateIdentifyToken}' failed: Variable '${DescriptionText}' not found.</msg>
<msg time="2024-02-08T17:13:31.267249" level="ERROR">Error in file '/home/richatyagi/PycharmProjects/pythonProject/AndroidTest/locators/TokenGroupLocator.robot' on line 41: Setting variable '${VerifiedDeletedToken}' failed: Variable '${DescriptionText}' not found.</msg>
</errors>
</robot>
