<?xml version="1.0" encoding="UTF-8"?>
<robot generator="Robot 7.0 (Python 3.8.10 on linux)" generated="2024-02-09T10:40:22.662652" rpa="false" schemaversion="5">
<suite id="s1" name="AndroidAppTest" source="/home/richatyagi/PycharmProjects/pythonProject/AndroidTest/testcases/AndroidAppTest.robot">
<kw name="Run Keywords" owner="BuiltIn" type="SETUP">
<kw name="Open SurePass On Browser" owner="LoginPageResource">
<kw name="Open Browser" owner="Web">
<msg time="2024-02-09T10:40:23.461019" level="INFO">Opening browser 'Chrome' to base url 'https://mfa-alpha.surepassid.com/default.aspx'.</msg>
<arg>url=${url}</arg>
<arg>browser=${Browser}</arg>
<doc>Opens a new browser instance to the optional ``url``.</doc>
<status status="PASS" start="2024-02-09T10:40:23.460391" elapsed="4.961871"/>
</kw>
<kw name="Maximize Browser Window" owner="Web">
<doc>Maximizes current browser window.</doc>
<status status="PASS" start="2024-02-09T10:40:28.423160" elapsed="0.109297"/>
</kw>
<kw name="Wait Until Element Is Visible" owner="Web">
<arg>${expectedElement}</arg>
<arg>${StandardTimeout}</arg>
<doc>Waits until the element ``locator`` is visible.</doc>
<status status="PASS" start="2024-02-09T10:40:28.533476" elapsed="0.171001"/>
</kw>
<status status="PASS" start="2024-02-09T10:40:23.459803" elapsed="5.245136"/>
</kw>
<kw name="Submit 2FA Page Using Email OTP" owner="LoginPageResource">
<kw name="Submit First Login Page" owner="LoginPageResource">
<kw name="Wait Until Element Is Enabled" owner="Web">
<arg>${AccountNameLocator}</arg>
<arg>${StandardTimeout}</arg>
<doc>Waits until the element ``locator`` is enabled.</doc>
<status status="PASS" start="2024-02-09T10:40:28.708988" elapsed="0.027453"/>
</kw>
<kw name="Input Text" owner="Web">
<msg time="2024-02-09T10:40:28.737052" level="INFO">Typing text 'volansys.com' into text field 'css:[name='tbxDomain_Name']'.</msg>
<arg>${AccountNameLocator}</arg>
<arg>${AccountName}</arg>
<doc>Types the given ``text`` into the text field identified by ``locator``.</doc>
<status status="PASS" start="2024-02-09T10:40:28.736754" elapsed="0.073690"/>
</kw>
<kw name="Wait Until Element Is Enabled" owner="Web">
<arg>${UserNameLocator}</arg>
<arg>${StandardTimeout}</arg>
<doc>Waits until the element ``locator`` is enabled.</doc>
<status status="PASS" start="2024-02-09T10:40:28.810876" elapsed="0.020835"/>
</kw>
<kw name="Input Text" owner="Web">
<msg time="2024-02-09T10:40:28.832524" level="INFO">Typing text 'Kalpesh.Patel' into text field 'css:[name='tbxUser_Name']'.</msg>
<arg>${UserNameLocator}</arg>
<arg>${UserName}</arg>
<doc>Types the given ``text`` into the text field identified by ``locator``.</doc>
<status status="PASS" start="2024-02-09T10:40:28.832150" elapsed="0.095876"/>
</kw>
<kw name="Wait Until Element Is Enabled" owner="Web">
<arg>${PasswordLocator}</arg>
<arg>${StandardTimeout}</arg>
<doc>Waits until the element ``locator`` is enabled.</doc>
<status status="PASS" start="2024-02-09T10:40:28.928451" elapsed="0.021254"/>
</kw>
<kw name="Input Text" owner="Web">
<msg time="2024-02-09T10:40:28.950515" level="INFO">Typing text 'Volansys@123' into text field 'css:[name='tbxPassword']'.</msg>
<arg>${PasswordLocator}</arg>
<arg>${Password}</arg>
<doc>Types the given ``text`` into the text field identified by ``locator``.</doc>
<status status="PASS" start="2024-02-09T10:40:28.950141" elapsed="0.073062"/>
</kw>
<kw name="Click Element" owner="Web">
<msg time="2024-02-09T10:40:29.024320" level="INFO">Clicking element 'css:[id='btnLogin']'.</msg>
<arg>${SignInButton}</arg>
<doc>Click the element identified by ``locator``.</doc>
<status status="PASS" start="2024-02-09T10:40:29.023774" elapsed="0.742670"/>
</kw>
<status status="PASS" start="2024-02-09T10:40:28.708082" elapsed="1.059003"/>
</kw>
<kw name="Wait Until Element Is Enabled" owner="Web">
<arg>${OtpTextBox}</arg>
<arg>${StandardTimeout}</arg>
<doc>Waits until the element ``locator`` is enabled.</doc>
<status status="PASS" start="2024-02-09T10:40:29.768376" elapsed="0.069208"/>
</kw>
<kw name="Wait Until Element Is Visible" owner="Web">
<arg>${EmailIcon}</arg>
<arg>${StandardTimeout}</arg>
<doc>Waits until the element ``locator`` is visible.</doc>
<status status="PASS" start="2024-02-09T10:40:29.838352" elapsed="0.040876"/>
</kw>
<kw name="Click Element" owner="Web">
<msg time="2024-02-09T10:40:29.880146" level="INFO">Clicking element 'css:[id='btnEMailOTP']'.</msg>
<arg>${EmailIcon}</arg>
<doc>Click the element identified by ``locator``.</doc>
<status status="PASS" start="2024-02-09T10:40:29.879733" elapsed="0.076235"/>
</kw>
<kw name="Sleep" owner="BuiltIn">
<msg time="2024-02-09T10:40:34.957314" level="INFO">Slept 5 seconds.</msg>
<arg>${SleepDelay5s}</arg>
<doc>Pauses the test executed for the given time.</doc>
<status status="PASS" start="2024-02-09T10:40:29.956617" elapsed="5.001047"/>
</kw>
<kw name="Open Mailbox">
<msg time="2024-02-09T10:40:34.979885" level="FAIL">No keyword with name 'Open Mailbox' found.</msg>
<arg>host=${GmailHost}</arg>
<arg>user=${GmailId}</arg>
<arg>password=${GmailPassword}</arg>
<status status="FAIL" start="2024-02-09T10:40:34.979613" elapsed="0.000529">No keyword with name 'Open Mailbox' found.</status>
</kw>
<kw name="Wait For Email">
<var>${LATEST}</var>
<arg>sender=${MailSenderId}</arg>
<arg>status=UNSEEN</arg>
<arg>timeout=300</arg>
<status status="NOT RUN" start="2024-02-09T10:40:34.994356" elapsed="0.000116"/>
</kw>
<kw name="Get Email Body">
<var>${HTML}</var>
<arg>${LATEST}</arg>
<status status="NOT RUN" start="2024-02-09T10:40:35.003462" elapsed="0.000091"/>
</kw>
<kw name="Get Regexp Matches" owner="String">
<var>${otpText}</var>
<arg>${HTML}</arg>
<arg>\\d{${OtpLength}}</arg>
<doc>Returns a list of all non-overlapping matches in the given string.</doc>
<status status="NOT RUN" start="2024-02-09T10:40:35.003977" elapsed="0.000057"/>
</kw>
<kw name="Delete Email">
<arg>${LATEST}</arg>
<status status="NOT RUN" start="2024-02-09T10:40:35.009976" elapsed="0.000077"/>
</kw>
<kw name="Input Text" owner="Web">
<arg>${OtpTextBox}</arg>
<arg>${otpText}[0]</arg>
<doc>Types the given ``text`` into the text field identified by ``locator``.</doc>
<status status="NOT RUN" start="2024-02-09T10:40:35.010357" elapsed="0.000046"/>
</kw>
<kw name="Click Element" owner="Web">
<arg>${VerifyOtpButton}</arg>
<doc>Click the element identified by ``locator``.</doc>
<status status="NOT RUN" start="2024-02-09T10:40:35.010654" elapsed="0.000040"/>
</kw>
<kw name="Select the Checkbox if Terms of Use Page is visible" owner="LoginPageResource">
<status status="NOT RUN" start="2024-02-09T10:40:35.011028" elapsed="0.000049"/>
</kw>
<arg>6</arg>
<status status="FAIL" start="2024-02-09T10:40:28.706332" elapsed="6.304912">No keyword with name 'Open Mailbox' found.</status>
</kw>
<arg>Open SurePass On Browser</arg>
<arg>AND</arg>
<arg>Submit 2FA Page Using Email OTP</arg>
<arg>6</arg>
<doc>Executes all the given keywords in a sequence.</doc>
<status status="FAIL" start="2024-02-09T10:40:23.459138" elapsed="11.552220">No keyword with name 'Open Mailbox' found.</status>
</kw>
<test id="s1-t1" name="Verify User is able to add the first token and recieve henceforth notifications after allowing the notifications permission." line="13">
<tag>Android_Auth_007</tag>
<tag>SurePassID_M1</tag>
<tag>SurePassId_Mobile</tag>
<status status="FAIL" start="2024-02-09T10:40:35.011545" elapsed="0.000854">Parent suite setup failed:
No keyword with name 'Open Mailbox' found.</status>
</test>
<kw name="Close All Browsers" owner="Web" type="TEARDOWN">
<doc>Closes all open browsers and resets the browser cache.</doc>
<status status="PASS" start="2024-02-09T10:40:35.013334" elapsed="0.112435"/>
</kw>
<status status="FAIL" start="2024-02-09T10:40:22.663832" elapsed="12.462098">Suite setup failed:
No keyword with name 'Open Mailbox' found.</status>
</suite>
<statistics>
<total>
<stat pass="0" fail="1" skip="0">All Tests</stat>
</total>
<tag>
<stat pass="0" fail="1" skip="0">Android_Auth_007</stat>
<stat pass="0" fail="1" skip="0">SurePassID_M1</stat>
<stat pass="0" fail="1" skip="0">SurePassId_Mobile</stat>
</tag>
<suite>
<stat pass="0" fail="1" skip="0" id="s1" name="AndroidAppTest">AndroidAppTest</stat>
</suite>
</statistics>
<errors>
<msg time="2024-02-09T10:40:22.744436" level="ERROR">Error in file '/home/richatyagi/PycharmProjects/pythonProject/AndroidTest/resources/LoginPageResource.robot' on line 9: Importing library 'ImapLibrary2' failed: ModuleNotFoundError: No module named 'ImapLibrary2'
Traceback (most recent call last):
  None
PYTHONPATH:
  /home/richatyagi/PycharmProjects/pythonProject/AndroidTest/testcases
  /home/richatyagi/PycharmProjects/pythonProject/AndroidTest/testcases
  /home/richatyagi/PycharmProjects/pythonProject/.venv/lib/python3.8/site-packages
  /usr/lib/python38.zip
  /usr/lib/python3.8
  /usr/lib/python3.8/lib-dynload</msg>
<msg time="2024-02-09T10:40:22.896581" level="ERROR">Error in file '/home/richatyagi/PycharmProjects/pythonProject/AndroidTest/resources/LoginPageResource.robot' on line 11: Importing library 'Zoomba.DesktopLibrary' failed: ModuleNotFoundError: No module named 'Zoomba'
Traceback (most recent call last):
  None
PYTHONPATH:
  /home/richatyagi/PycharmProjects/pythonProject/AndroidTest/testcases
  /home/richatyagi/PycharmProjects/pythonProject/AndroidTest/testcases
  /home/richatyagi/PycharmProjects/pythonProject/.venv/lib/python3.8/site-packages
  /usr/lib/python38.zip
  /usr/lib/python3.8
  /usr/lib/python3.8/lib-dynload</msg>
<msg time="2024-02-09T10:40:23.105756" level="WARN">Error in file '/home/richatyagi/PycharmProjects/pythonProject/AndroidTest/resources/UsersPageResource.robot' on line 567: The '[Return]' setting is deprecated. Use the 'RETURN' statement instead.</msg>
<msg time="2024-02-09T10:40:23.105987" level="WARN">Error in file '/home/richatyagi/PycharmProjects/pythonProject/AndroidTest/resources/UsersPageResource.robot' on line 582: The '[Return]' setting is deprecated. Use the 'RETURN' statement instead.</msg>
<msg time="2024-02-09T10:40:23.109090" level="WARN">Error in file '/home/richatyagi/PycharmProjects/pythonProject/AndroidTest/resources/UsersPageResource.robot' on line 902: The '[Return]' setting is deprecated. Use the 'RETURN' statement instead.</msg>
<msg time="2024-02-09T10:40:23.109290" level="WARN">Error in file '/home/richatyagi/PycharmProjects/pythonProject/AndroidTest/resources/UsersPageResource.robot' on line 913: The '[Return]' setting is deprecated. Use the 'RETURN' statement instead.</msg>
<msg time="2024-02-09T10:40:23.109432" level="WARN">Error in file '/home/richatyagi/PycharmProjects/pythonProject/AndroidTest/resources/UsersPageResource.robot' on line 923: The '[Return]' setting is deprecated. Use the 'RETURN' statement instead.</msg>
<msg time="2024-02-09T10:40:23.109546" level="WARN">Error in file '/home/richatyagi/PycharmProjects/pythonProject/AndroidTest/resources/UsersPageResource.robot' on line 929: The '[Return]' setting is deprecated. Use the 'RETURN' statement instead.</msg>
<msg time="2024-02-09T10:40:23.167013" level="WARN">Error in file '/home/richatyagi/PycharmProjects/pythonProject/AndroidTest/resources/TokenPageResource.robot' on line 205: The '[Return]' setting is deprecated. Use the 'RETURN' statement instead.</msg>
<msg time="2024-02-09T10:40:23.196547" level="ERROR">Error in file '/home/richatyagi/PycharmProjects/pythonProject/AndroidTest/locators/TokenGroupLocator.robot' on line 2: Resource file '../Labels/TokenGroupLabel.robot' does not exist.</msg>
<msg time="2024-02-09T10:40:23.196753" level="ERROR">Error in file '/home/richatyagi/PycharmProjects/pythonProject/AndroidTest/locators/TokenGroupLocator.robot' on line 3: Resource file '../Labels/LoginPageLabel.robot' does not exist.</msg>
<msg time="2024-02-09T10:40:23.199187" level="ERROR">Error in file '/home/richatyagi/PycharmProjects/pythonProject/AndroidTest/resources/TokenPageResource.robot' on line 11: Resource file '../Resources/AndroidResource.robot' does not exist.</msg>
<msg time="2024-02-09T10:40:23.208857" level="WARN">Error in file '/home/richatyagi/PycharmProjects/pythonProject/AndroidTest/resources/AddNewSoftTokenResource.robot' on line 50: The '[Return]' setting is deprecated. Use the 'RETURN' statement instead.</msg>
<msg time="2024-02-09T10:40:23.209016" level="WARN">Error in file '/home/richatyagi/PycharmProjects/pythonProject/AndroidTest/resources/AddNewSoftTokenResource.robot' on line 56: The '[Return]' setting is deprecated. Use the 'RETURN' statement instead.</msg>
<msg time="2024-02-09T10:40:23.229124" level="WARN">Error in file '/home/richatyagi/PycharmProjects/pythonProject/AndroidTest/labels/CustomizeEmailMsgLabel.robot' on line 1: Singular section headers like '*** Variable ***' are deprecated. Use plural format like '*** Variables ***' instead.</msg>
<msg time="2024-02-09T10:40:23.249733" level="WARN">Error in file '/home/richatyagi/PycharmProjects/pythonProject/AndroidTest/resources/AndroidResource.robot' on line 258: The '[Return]' setting is deprecated. Use the 'RETURN' statement instead.</msg>
<msg time="2024-02-09T10:40:23.284957" level="ERROR">Error in file '/home/richatyagi/PycharmProjects/pythonProject/AndroidTest/locators/TokenGroupLocator.robot' on line 39: Setting variable '${DeleteCheckBox}' failed: Variable '${DescriptionText}' not found.</msg>
<msg time="2024-02-09T10:40:23.298462" level="ERROR">Error in file '/home/richatyagi/PycharmProjects/pythonProject/AndroidTest/locators/TokenGroupLocator.robot' on line 27: Setting variable '${DeleteLinkToken}' failed: Variable '${DescriptionText}' not found.</msg>
<msg time="2024-02-09T10:40:23.311553" level="ERROR">Error in file '/home/richatyagi/PycharmProjects/pythonProject/AndroidTest/locators/TokenGroupLocator.robot' on line 34: Setting variable '${DeleteLinkUpdatedToken}' failed: Variable '${UpdateDecriptionText}' not found. Did you mean:
    ${UpdateDecriptionTextGrid}
    ${NewUpdatedDecriptionText}
    ${UpdateDecription}</msg>
<msg time="2024-02-09T10:40:23.326923" level="ERROR">Error in file '/home/richatyagi/PycharmProjects/pythonProject/AndroidTest/locators/TokenGroupLocator.robot' on line 25: Setting variable '${EditDescriptionGrid}' failed: Variable '${DescriptionText}' not found.</msg>
<msg time="2024-02-09T10:40:23.342406" level="ERROR">Error in file '/home/richatyagi/PycharmProjects/pythonProject/AndroidTest/locators/TokenGroupLocator.robot' on line 38: Setting variable '${GetValueFromEditDescriptionGrid}' failed: Variable '${DescriptionText}' not found.</msg>
<msg time="2024-02-09T10:40:23.355013" level="ERROR">Error in file '/home/richatyagi/PycharmProjects/pythonProject/AndroidTest/locators/TokenGroupLocator.robot' on line 28: Setting variable '${IdentifyToken}' failed: Variable '${DescriptionText}' not found.</msg>
<msg time="2024-02-09T10:40:23.368228" level="ERROR">Error in file '/home/richatyagi/PycharmProjects/pythonProject/AndroidTest/locators/TokenGroupLocator.robot' on line 33: Setting variable '${NewUpdatedDecriptionText}' failed: Variable '${UpdateDecriptionText}' not found. Did you mean:
    ${UpdateDecriptionTextGrid}
    ${NewUpdatedDecriptionText}
    ${UpdateDecription}</msg>
<msg time="2024-02-09T10:40:23.382588" level="ERROR">Error in file '/home/richatyagi/PycharmProjects/pythonProject/AndroidTest/locators/TokenGroupLocator.robot' on line 31: Setting variable '${SecoundUserUpdateDecription}' failed: Variable '${UpdateDecriptionText}' not found. Did you mean:
    ${UpdateDecriptionTextGrid}
    ${UpdateDecription}</msg>
<msg time="2024-02-09T10:40:23.397418" level="ERROR">Error in file '/home/richatyagi/PycharmProjects/pythonProject/AndroidTest/locators/TokenGroupLocator.robot' on line 35: Setting variable '${UpdatedDeleteCheckBox}' failed: Variable '${UpdateDecriptionText}' not found. Did you mean:
    ${UpdateDecriptionTextGrid}
    ${UpdateDecription}</msg>
<msg time="2024-02-09T10:40:23.409823" level="ERROR">Error in file '/home/richatyagi/PycharmProjects/pythonProject/AndroidTest/locators/TokenGroupLocator.robot' on line 32: Setting variable '${UpdatedDeleteLinkToken}' failed: Variable '${UpdateDecriptionText}' not found. Did you mean:
    ${UpdateDecriptionTextGrid}
    ${UpdateDecription}</msg>
<msg time="2024-02-09T10:40:23.424112" level="ERROR">Error in file '/home/richatyagi/PycharmProjects/pythonProject/AndroidTest/locators/TokenGroupLocator.robot' on line 26: Setting variable '${UpdateDecriptionTextGrid}' failed: Variable '${UpdateDecriptionText}' not found. Did you mean:
    ${UpdateDecriptionTextGrid}
    ${UpdateDecription}</msg>
<msg time="2024-02-09T10:40:23.437644" level="ERROR">Error in file '/home/richatyagi/PycharmProjects/pythonProject/AndroidTest/locators/TokenGroupLocator.robot' on line 29: Setting variable '${UpdateIdentifyToken}' failed: Variable '${DescriptionText}' not found.</msg>
<msg time="2024-02-09T10:40:23.450486" level="ERROR">Error in file '/home/richatyagi/PycharmProjects/pythonProject/AndroidTest/locators/TokenGroupLocator.robot' on line 41: Setting variable '${VerifiedDeletedToken}' failed: Variable '${DescriptionText}' not found.</msg>
</errors>
</robot>
