<?xml version="1.0" encoding="UTF-8"?>
<robot generator="Robot 3.2.1 (Python 3.8.10 on linux)" generated="20240529 16:05:04.048" rpa="false">
<suite id="s1" name="Flipkart" source="/home/richatyagi/PycharmProjects/pythonProject/Practice/Flipkart.robot">
<test id="s1-t1" name="Test">
<kw name="Open Application" library="AppiumLibrary">
<doc>Opens a new application to given Appium server.
Capabilities of appium server, Android and iOS,
Please check https://github.com/appium/appium/blob/master/docs/en/writing-running-appium/server-args.md
| *Option*            | *Man.* | *Description*     |
| remote_url          | Yes    | Appium server url |
| alias               | no     | alias             |</doc>
<arguments>
<arg>http://localhost:4723/wd/hub</arg>
<arg>platformName=${plateformName}</arg>
<arg>deviceName=${devicename}</arg>
<arg>appPackage=${appPackage}</arg>
<arg>appActivity=${appActivity}</arg>
<arg>automationName=${automationName}</arg>
<arg>noReset=true</arg>
</arguments>
<status status="PASS" starttime="20240529 16:05:04.143" endtime="20240529 16:05:21.099"></status>
</kw>
<kw name="Sleep" library="BuiltIn">
<doc>Pauses the test executed for the given time.</doc>
<arguments>
<arg>10s</arg>
</arguments>
<msg timestamp="20240529 16:05:31.101" level="INFO">Slept 10 seconds</msg>
<status status="PASS" starttime="20240529 16:05:21.099" endtime="20240529 16:05:31.101"></status>
</kw>
<kw name="Wait Until Element Is Visible" library="AppiumLibrary">
<doc>Waits until element specified with `locator` is visible.</doc>
<arguments>
<arg>xpath=//android.widget.Image[@text="Fashion"]</arg>
</arguments>
<status status="PASS" starttime="20240529 16:05:31.102" endtime="20240529 16:05:33.809"></status>
</kw>
<kw name="Click Element" library="AppiumLibrary">
<doc>Click element identified by `locator`.</doc>
<arguments>
<arg>xpath=//android.widget.Image[@text="Fashion"]</arg>
</arguments>
<msg timestamp="20240529 16:05:33.813" level="INFO">Clicking element 'xpath=//android.widget.Image[@text="Fashion"]'.</msg>
<status status="PASS" starttime="20240529 16:05:33.810" endtime="20240529 16:05:34.319"></status>
</kw>
<kw name="Sleep" library="BuiltIn">
<doc>Pauses the test executed for the given time.</doc>
<arguments>
<arg>10s</arg>
</arguments>
<msg timestamp="20240529 16:05:44.320" level="INFO">Slept 10 seconds</msg>
<status status="PASS" starttime="20240529 16:05:34.319" endtime="20240529 16:05:44.320"></status>
</kw>
<kw name="Wait Until Element Is Visible" library="AppiumLibrary">
<doc>Waits until element specified with `locator` is visible.</doc>
<arguments>
<arg>xpath=//android.widget.Image[@text="Women"]</arg>
</arguments>
<status status="PASS" starttime="20240529 16:05:44.321" endtime="20240529 16:05:44.951"></status>
</kw>
<kw name="Click Element" library="AppiumLibrary">
<doc>Click element identified by `locator`.</doc>
<arguments>
<arg>xpath=//android.widget.Image[@text="Women"]</arg>
</arguments>
<msg timestamp="20240529 16:05:44.953" level="INFO">Clicking element 'xpath=//android.widget.Image[@text="Women"]'.</msg>
<status status="PASS" starttime="20240529 16:05:44.952" endtime="20240529 16:05:45.330"></status>
</kw>
<kw name="Sleep" library="BuiltIn">
<doc>Pauses the test executed for the given time.</doc>
<arguments>
<arg>10s</arg>
</arguments>
<msg timestamp="20240529 16:05:55.331" level="INFO">Slept 10 seconds</msg>
<status status="PASS" starttime="20240529 16:05:45.330" endtime="20240529 16:05:55.331"></status>
</kw>
<kw name="Wait Until Element Is Visible" library="AppiumLibrary">
<doc>Waits until element specified with `locator` is visible.</doc>
<arguments>
<arg>xpath=//android.view.View[@content-desc="Tops, tees &amp; jeans"]</arg>
</arguments>
<status status="PASS" starttime="20240529 16:05:55.332" endtime="20240529 16:05:55.663"></status>
</kw>
<kw name="Click Element" library="AppiumLibrary">
<doc>Click element identified by `locator`.</doc>
<arguments>
<arg>xpath=//android.view.View[@content-desc="Tops, tees &amp; jeans"]</arg>
</arguments>
<msg timestamp="20240529 16:05:55.665" level="INFO">Clicking element 'xpath=//android.view.View[@content-desc="Tops, tees &amp; jeans"]'.</msg>
<status status="PASS" starttime="20240529 16:05:55.663" endtime="20240529 16:05:55.996"></status>
</kw>
<kw name="Sleep" library="BuiltIn">
<doc>Pauses the test executed for the given time.</doc>
<arguments>
<arg>20s</arg>
</arguments>
<msg timestamp="20240529 16:06:15.997" level="INFO">Slept 20 seconds</msg>
<status status="PASS" starttime="20240529 16:05:55.997" endtime="20240529 16:06:15.998"></status>
</kw>
<kw name="Wait Until Element Is Visible" library="AppiumLibrary">
<doc>Waits until element specified with `locator` is visible.</doc>
<arguments>
<arg>xpath=(//android.widget.Button[@text="Add to cart"])[1]</arg>
</arguments>
<status status="PASS" starttime="20240529 16:06:15.998" endtime="20240529 16:06:16.964"></status>
</kw>
<kw name="Click Element" library="AppiumLibrary">
<doc>Click element identified by `locator`.</doc>
<arguments>
<arg>xpath=(//android.widget.Button[@text="Add to cart"])[1]</arg>
</arguments>
<msg timestamp="20240529 16:06:16.968" level="INFO">Clicking element 'xpath=(//android.widget.Button[@text="Add to cart"])[1]'.</msg>
<status status="PASS" starttime="20240529 16:06:16.965" endtime="20240529 16:06:17.285"></status>
</kw>
<kw name="Sleep" library="BuiltIn">
<doc>Pauses the test executed for the given time.</doc>
<arguments>
<arg>10s</arg>
</arguments>
<msg timestamp="20240529 16:06:27.286" level="INFO">Slept 10 seconds</msg>
<status status="PASS" starttime="20240529 16:06:17.285" endtime="20240529 16:06:27.287"></status>
</kw>
<kw name="Wait Until Element Is Visible" library="AppiumLibrary">
<doc>Waits until element specified with `locator` is visible.</doc>
<arguments>
<arg>xpath=//android.widget.TextView[@text="L"]</arg>
</arguments>
<status status="PASS" starttime="20240529 16:06:27.287" endtime="20240529 16:06:27.704"></status>
</kw>
<kw name="Click Element" library="AppiumLibrary">
<doc>Click element identified by `locator`.</doc>
<arguments>
<arg>xpath=//android.widget.TextView[@text="L"]</arg>
</arguments>
<msg timestamp="20240529 16:06:27.708" level="INFO">Clicking element 'xpath=//android.widget.TextView[@text="L"]'.</msg>
<status status="PASS" starttime="20240529 16:06:27.705" endtime="20240529 16:06:28.146"></status>
</kw>
<kw name="Sleep" library="BuiltIn">
<doc>Pauses the test executed for the given time.</doc>
<arguments>
<arg>10s</arg>
</arguments>
<msg timestamp="20240529 16:06:38.147" level="INFO">Slept 10 seconds</msg>
<status status="PASS" starttime="20240529 16:06:28.146" endtime="20240529 16:06:38.147"></status>
</kw>
<kw name="Wait Until Element Is Visible" library="AppiumLibrary">
<doc>Waits until element specified with `locator` is visible.</doc>
<arguments>
<arg>xpath=//android.widget.Button[@text="Add to cart"]</arg>
</arguments>
<status status="PASS" starttime="20240529 16:06:38.148" endtime="20240529 16:06:38.579"></status>
</kw>
<kw name="Click Element" library="AppiumLibrary">
<doc>Click element identified by `locator`.</doc>
<arguments>
<arg>xpath=//android.widget.Button[@text="Add to cart"]</arg>
</arguments>
<msg timestamp="20240529 16:06:38.580" level="INFO">Clicking element 'xpath=//android.widget.Button[@text="Add to cart"]'.</msg>
<status status="PASS" starttime="20240529 16:06:38.580" endtime="20240529 16:06:39.009"></status>
</kw>
<status status="PASS" starttime="20240529 16:05:04.142" endtime="20240529 16:06:39.010" critical="yes"></status>
</test>
<doc>This is our demo test</doc>
<status status="PASS" starttime="20240529 16:05:04.049" endtime="20240529 16:06:39.011"></status>
</suite>
<statistics>
<total>
<stat pass="1" fail="0">Critical Tests</stat>
<stat pass="1" fail="0">All Tests</stat>
</total>
<tag>
</tag>
<suite>
<stat pass="1" fail="0" id="s1" name="Flipkart">Flipkart</stat>
</suite>
</statistics>
<errors>
</errors>
</robot>
