<?xml version="1.0" encoding="UTF-8"?>
<robot generator="Robot 3.2.1 (Python 3.8.10 on linux)" generated="20240624 17:35:18.998" rpa="false">
<suite id="s1" name="MyAccountLogin" source="/home/richatyagi/PycharmProjects/pythonProject/PracticeAutomation/Resource/MyAccountLogin.robot">
<test id="s1-t1" name="1.Login with valid emailid and password">
<kw name="Open Browser" library="SeleniumLibrary">
<doc>Opens a new browser instance to the optional ``url``.</doc>
<arguments>
<arg>${url}</arg>
<arg>${Browser}</arg>
</arguments>
<msg timestamp="20240624 17:35:19.179" level="INFO">Opening browser 'Chrome' to base url 'http://practice.automationtesting.in/'.</msg>
<status status="PASS" starttime="20240624 17:35:19.179" endtime="20240624 17:35:27.720"></status>
</kw>
<kw name="Click Element" library="SeleniumLibrary">
<doc>Click the element identified by ``locator``.</doc>
<arguments>
<arg>${MyAccount}</arg>
</arguments>
<msg timestamp="20240624 17:35:27.724" level="INFO">Clicking element '//a[contains(text(),"My Account")]'.</msg>
<status status="PASS" starttime="20240624 17:35:27.723" endtime="20240624 17:35:29.483"></status>
</kw>
<kw name="Input Text" library="SeleniumLibrary">
<doc>Types the given ``text`` into the text field identified by ``locator``.</doc>
<arguments>
<arg>${Inputemail}</arg>
<arg>tyagiricha80+1@gmail.com</arg>
</arguments>
<msg timestamp="20240624 17:35:29.484" level="INFO">Typing text 'tyagiricha80+1@gmail.com' into text field '//input[@id="username"]'.</msg>
<status status="PASS" starttime="20240624 17:35:29.483" endtime="20240624 17:35:29.835"></status>
</kw>
<kw name="Input Text" library="SeleniumLibrary">
<doc>Types the given ``text`` into the text field identified by ``locator``.</doc>
<arguments>
<arg>${Inputpass}</arg>
<arg>Richa@12345</arg>
</arguments>
<msg timestamp="20240624 17:35:29.835" level="INFO">Typing text 'Richa@12345' into text field '//input[@id="password"]'.</msg>
<status status="PASS" starttime="20240624 17:35:29.835" endtime="20240624 17:35:29.998"></status>
</kw>
<kw name="Click Button" library="SeleniumLibrary">
<doc>Clicks the button identified by ``locator``.</doc>
<arguments>
<arg>${loginButton}</arg>
</arguments>
<msg timestamp="20240624 17:35:29.999" level="INFO">Clicking button '//input[@class="woocommerce-Button button"]'.</msg>
<status status="PASS" starttime="20240624 17:35:29.998" endtime="20240624 17:35:31.984"></status>
</kw>
<kw name="Page Should Contain Element" library="SeleniumLibrary">
<doc>Verifies that element ``locator`` is found on the current page.</doc>
<arguments>
<arg>${login_success}</arg>
</arguments>
<msg timestamp="20240624 17:35:32.010" level="INFO">Current page contains element '//a[contains(text(), "Dashboard")]'.</msg>
<status status="PASS" starttime="20240624 17:35:31.984" endtime="20240624 17:35:32.011"></status>
</kw>
<kw name="Close All Browsers" library="SeleniumLibrary">
<doc>Closes all open browsers and resets the browser cache.</doc>
<status status="PASS" starttime="20240624 17:35:32.011" endtime="20240624 17:35:32.117"></status>
</kw>
<tags>
<tag>Login_01</tag>
</tags>
<status status="PASS" starttime="20240624 17:35:19.178" endtime="20240624 17:35:32.118" critical="yes"></status>
</test>
<test id="s1-t2" name="2.Login with invalid emailid and invalid password">
<kw name="Open Browser" library="SeleniumLibrary">
<doc>Opens a new browser instance to the optional ``url``.</doc>
<arguments>
<arg>${url}</arg>
<arg>${Browser}</arg>
</arguments>
<msg timestamp="20240624 17:35:32.122" level="INFO">Opening browser 'Chrome' to base url 'http://practice.automationtesting.in/'.</msg>
<status status="PASS" starttime="20240624 17:35:32.120" endtime="20240624 17:35:42.401"></status>
</kw>
<kw name="Click Element" library="SeleniumLibrary">
<doc>Click the element identified by ``locator``.</doc>
<arguments>
<arg>${MyAccount}</arg>
</arguments>
<msg timestamp="20240624 17:35:42.403" level="INFO">Clicking element '//a[contains(text(),"My Account")]'.</msg>
<status status="PASS" starttime="20240624 17:35:42.402" endtime="20240624 17:35:44.061"></status>
</kw>
<kw name="Input Text" library="SeleniumLibrary">
<doc>Types the given ``text`` into the text field identified by ``locator``.</doc>
<arguments>
<arg>${Inputemail}</arg>
<arg>tyagir@gmail.com</arg>
</arguments>
<msg timestamp="20240624 17:35:44.061" level="INFO">Typing text 'tyagir@gmail.com' into text field '//input[@id="username"]'.</msg>
<status status="PASS" starttime="20240624 17:35:44.061" endtime="20240624 17:35:44.395"></status>
</kw>
<kw name="Input Text" library="SeleniumLibrary">
<doc>Types the given ``text`` into the text field identified by ``locator``.</doc>
<arguments>
<arg>${Inputpass}</arg>
<arg>Richa@12345nbjdbvcfd</arg>
</arguments>
<msg timestamp="20240624 17:35:44.396" level="INFO">Typing text 'Richa@12345nbjdbvcfd' into text field '//input[@id="password"]'.</msg>
<status status="PASS" starttime="20240624 17:35:44.396" endtime="20240624 17:35:44.590"></status>
</kw>
<kw name="Click Button" library="SeleniumLibrary">
<doc>Clicks the button identified by ``locator``.</doc>
<arguments>
<arg>${loginButton}</arg>
</arguments>
<msg timestamp="20240624 17:35:44.590" level="INFO">Clicking button '//input[@class="woocommerce-Button button"]'.</msg>
<status status="PASS" starttime="20240624 17:35:44.590" endtime="20240624 17:35:46.384"></status>
</kw>
<kw name="Page Should Contain Element" library="SeleniumLibrary">
<doc>Verifies that element ``locator`` is found on the current page.</doc>
<arguments>
<arg>${Login_Email_Error}</arg>
</arguments>
<msg timestamp="20240624 17:35:46.411" level="INFO">Current page contains element '//li[contains(text()," A user could not be found with this email address.")]'.</msg>
<status status="PASS" starttime="20240624 17:35:46.384" endtime="20240624 17:35:46.412"></status>
</kw>
<kw name="Close All Browsers" library="SeleniumLibrary">
<doc>Closes all open browsers and resets the browser cache.</doc>
<status status="PASS" starttime="20240624 17:35:46.412" endtime="20240624 17:35:46.502"></status>
</kw>
<tags>
<tag>Login_02</tag>
</tags>
<status status="PASS" starttime="20240624 17:35:32.119" endtime="20240624 17:35:46.503" critical="yes"></status>
</test>
<test id="s1-t3" name="3.Login with valid emailid and empty password">
<kw name="Open Browser" library="SeleniumLibrary">
<doc>Opens a new browser instance to the optional ``url``.</doc>
<arguments>
<arg>${url}</arg>
<arg>${Browser}</arg>
</arguments>
<msg timestamp="20240624 17:35:46.509" level="INFO">Opening browser 'Chrome' to base url 'http://practice.automationtesting.in/'.</msg>
<status status="PASS" starttime="20240624 17:35:46.509" endtime="20240624 17:35:54.385"></status>
</kw>
<kw name="Click Element" library="SeleniumLibrary">
<doc>Click the element identified by ``locator``.</doc>
<arguments>
<arg>${MyAccount}</arg>
</arguments>
<msg timestamp="20240624 17:35:54.387" level="INFO">Clicking element '//a[contains(text(),"My Account")]'.</msg>
<status status="PASS" starttime="20240624 17:35:54.386" endtime="20240624 17:35:56.012"></status>
</kw>
<kw name="Input Text" library="SeleniumLibrary">
<doc>Types the given ``text`` into the text field identified by ``locator``.</doc>
<arguments>
<arg>${Inputemail}</arg>
<arg>tyagiricha80+1@gmail.com</arg>
</arguments>
<msg timestamp="20240624 17:35:56.014" level="INFO">Typing text 'tyagiricha80+1@gmail.com' into text field '//input[@id="username"]'.</msg>
<status status="PASS" starttime="20240624 17:35:56.013" endtime="20240624 17:35:56.369"></status>
</kw>
<kw name="Input Text" library="SeleniumLibrary">
<doc>Types the given ``text`` into the text field identified by ``locator``.</doc>
<arguments>
<arg>${Inputpass}</arg>
<arg>\</arg>
</arguments>
<msg timestamp="20240624 17:35:56.370" level="INFO">Typing text '' into text field '//input[@id="password"]'.</msg>
<status status="PASS" starttime="20240624 17:35:56.369" endtime="20240624 17:35:56.488"></status>
</kw>
<kw name="Click Button" library="SeleniumLibrary">
<doc>Clicks the button identified by ``locator``.</doc>
<arguments>
<arg>${loginButton}</arg>
</arguments>
<msg timestamp="20240624 17:35:56.489" level="INFO">Clicking button '//input[@class="woocommerce-Button button"]'.</msg>
<status status="PASS" starttime="20240624 17:35:56.489" endtime="20240624 17:35:58.029"></status>
</kw>
<kw name="Page Should Contain Element" library="SeleniumLibrary">
<doc>Verifies that element ``locator`` is found on the current page.</doc>
<arguments>
<arg>${Login_pass_empty_Error}</arg>
</arguments>
<msg timestamp="20240624 17:35:58.047" level="INFO">Current page contains element '//li[contains(text(),"Password is required.")]'.</msg>
<status status="PASS" starttime="20240624 17:35:58.029" endtime="20240624 17:35:58.047"></status>
</kw>
<kw name="Close All Browsers" library="SeleniumLibrary">
<doc>Closes all open browsers and resets the browser cache.</doc>
<status status="PASS" starttime="20240624 17:35:58.047" endtime="20240624 17:35:58.247"></status>
</kw>
<tags>
<tag>Login_03</tag>
</tags>
<status status="PASS" starttime="20240624 17:35:46.508" endtime="20240624 17:35:58.248" critical="yes"></status>
</test>
<test id="s1-t4" name="4.Login with empty emailid and correct password">
<kw name="Open Browser" library="SeleniumLibrary">
<doc>Opens a new browser instance to the optional ``url``.</doc>
<arguments>
<arg>${url}</arg>
<arg>${Browser}</arg>
</arguments>
<msg timestamp="20240624 17:35:58.252" level="INFO">Opening browser 'Chrome' to base url 'http://practice.automationtesting.in/'.</msg>
<status status="PASS" starttime="20240624 17:35:58.251" endtime="20240624 17:36:06.251"></status>
</kw>
<kw name="Click Element" library="SeleniumLibrary">
<doc>Click the element identified by ``locator``.</doc>
<arguments>
<arg>${MyAccount}</arg>
</arguments>
<msg timestamp="20240624 17:36:06.252" level="INFO">Clicking element '//a[contains(text(),"My Account")]'.</msg>
<status status="PASS" starttime="20240624 17:36:06.252" endtime="20240624 17:36:08.556"></status>
</kw>
<kw name="Input Text" library="SeleniumLibrary">
<doc>Types the given ``text`` into the text field identified by ``locator``.</doc>
<arguments>
<arg>${Inputemail}</arg>
<arg>\</arg>
</arguments>
<msg timestamp="20240624 17:36:08.561" level="INFO">Typing text '' into text field '//input[@id="username"]'.</msg>
<status status="PASS" starttime="20240624 17:36:08.557" endtime="20240624 17:36:08.903"></status>
</kw>
<kw name="Input Text" library="SeleniumLibrary">
<doc>Types the given ``text`` into the text field identified by ``locator``.</doc>
<arguments>
<arg>${Inputpass}</arg>
<arg>Richa@12345</arg>
</arguments>
<msg timestamp="20240624 17:36:08.904" level="INFO">Typing text 'Richa@12345' into text field '//input[@id="password"]'.</msg>
<status status="PASS" starttime="20240624 17:36:08.904" endtime="20240624 17:36:09.050"></status>
</kw>
<kw name="Click Button" library="SeleniumLibrary">
<doc>Clicks the button identified by ``locator``.</doc>
<arguments>
<arg>${loginButton}</arg>
</arguments>
<msg timestamp="20240624 17:36:09.051" level="INFO">Clicking button '//input[@class="woocommerce-Button button"]'.</msg>
<status status="PASS" starttime="20240624 17:36:09.050" endtime="20240624 17:36:11.149"></status>
</kw>
<kw name="Page Should Contain Element" library="SeleniumLibrary">
<doc>Verifies that element ``locator`` is found on the current page.</doc>
<arguments>
<arg>${Login_email_empty_Error}</arg>
</arguments>
<msg timestamp="20240624 17:36:11.167" level="INFO">Current page contains element '//li[contains(text(),"Username is required.")]'.</msg>
<status status="PASS" starttime="20240624 17:36:11.149" endtime="20240624 17:36:11.168"></status>
</kw>
<kw name="Close All Browsers" library="SeleniumLibrary">
<doc>Closes all open browsers and resets the browser cache.</doc>
<status status="PASS" starttime="20240624 17:36:11.168" endtime="20240624 17:36:11.266"></status>
</kw>
<tags>
<tag>Login_04</tag>
</tags>
<status status="PASS" starttime="20240624 17:35:58.250" endtime="20240624 17:36:11.267" critical="yes"></status>
</test>
<test id="s1-t5" name="5.Login with empty emailid and empty password">
<kw name="Open Browser" library="SeleniumLibrary">
<doc>Opens a new browser instance to the optional ``url``.</doc>
<arguments>
<arg>${url}</arg>
<arg>${Browser}</arg>
</arguments>
<msg timestamp="20240624 17:36:11.272" level="INFO">Opening browser 'Chrome' to base url 'http://practice.automationtesting.in/'.</msg>
<status status="PASS" starttime="20240624 17:36:11.271" endtime="20240624 17:36:18.046"></status>
</kw>
<kw name="Click Element" library="SeleniumLibrary">
<doc>Click the element identified by ``locator``.</doc>
<arguments>
<arg>${MyAccount}</arg>
</arguments>
<msg timestamp="20240624 17:36:18.048" level="INFO">Clicking element '//a[contains(text(),"My Account")]'.</msg>
<status status="PASS" starttime="20240624 17:36:18.048" endtime="20240624 17:36:21.075"></status>
</kw>
<kw name="Input Text" library="SeleniumLibrary">
<doc>Types the given ``text`` into the text field identified by ``locator``.</doc>
<arguments>
<arg>${Inputemail}</arg>
<arg>\</arg>
</arguments>
<msg timestamp="20240624 17:36:21.076" level="INFO">Typing text '' into text field '//input[@id="username"]'.</msg>
<status status="PASS" starttime="20240624 17:36:21.076" endtime="20240624 17:36:21.319"></status>
</kw>
<kw name="Input Text" library="SeleniumLibrary">
<doc>Types the given ``text`` into the text field identified by ``locator``.</doc>
<arguments>
<arg>${Inputpass}</arg>
<arg>\</arg>
</arguments>
<msg timestamp="20240624 17:36:21.319" level="INFO">Typing text '' into text field '//input[@id="password"]'.</msg>
<status status="PASS" starttime="20240624 17:36:21.319" endtime="20240624 17:36:21.432"></status>
</kw>
<kw name="Click Button" library="SeleniumLibrary">
<doc>Clicks the button identified by ``locator``.</doc>
<arguments>
<arg>${loginButton}</arg>
</arguments>
<msg timestamp="20240624 17:36:21.432" level="INFO">Clicking button '//input[@class="woocommerce-Button button"]'.</msg>
<status status="PASS" starttime="20240624 17:36:21.432" endtime="20240624 17:36:23.296"></status>
</kw>
<kw name="Page Should Contain Element" library="SeleniumLibrary">
<doc>Verifies that element ``locator`` is found on the current page.</doc>
<arguments>
<arg>${Login_email_empty_Error}</arg>
</arguments>
<msg timestamp="20240624 17:36:23.318" level="INFO">Current page contains element '//li[contains(text(),"Username is required.")]'.</msg>
<status status="PASS" starttime="20240624 17:36:23.297" endtime="20240624 17:36:23.318"></status>
</kw>
<kw name="Close All Browsers" library="SeleniumLibrary">
<doc>Closes all open browsers and resets the browser cache.</doc>
<status status="PASS" starttime="20240624 17:36:23.318" endtime="20240624 17:36:23.391"></status>
</kw>
<tags>
<tag>Login_05</tag>
</tags>
<status status="PASS" starttime="20240624 17:36:11.269" endtime="20240624 17:36:23.391" critical="yes"></status>
</test>
<test id="s1-t6" name="6.Login Password is masked">
<kw name="Open Browser" library="SeleniumLibrary">
<doc>Opens a new browser instance to the optional ``url``.</doc>
<arguments>
<arg>${url}</arg>
<arg>${Browser}</arg>
</arguments>
<msg timestamp="20240624 17:36:23.395" level="INFO">Opening browser 'Chrome' to base url 'http://practice.automationtesting.in/'.</msg>
<status status="PASS" starttime="20240624 17:36:23.394" endtime="20240624 17:36:29.916"></status>
</kw>
<kw name="Click Element" library="SeleniumLibrary">
<doc>Click the element identified by ``locator``.</doc>
<arguments>
<arg>${MyAccount}</arg>
</arguments>
<msg timestamp="20240624 17:36:29.917" level="INFO">Clicking element '//a[contains(text(),"My Account")]'.</msg>
<status status="PASS" starttime="20240624 17:36:29.916" endtime="20240624 17:36:31.419"></status>
</kw>
<kw name="Input Text" library="SeleniumLibrary">
<doc>Types the given ``text`` into the text field identified by ``locator``.</doc>
<arguments>
<arg>${Inputemail}</arg>
<arg>tyagiricha80+1@gmail.com</arg>
</arguments>
<msg timestamp="20240624 17:36:31.420" level="INFO">Typing text 'tyagiricha80+1@gmail.com' into text field '//input[@id="username"]'.</msg>
<status status="PASS" starttime="20240624 17:36:31.420" endtime="20240624 17:36:32.084"></status>
</kw>
<kw name="Input Text" library="SeleniumLibrary">
<doc>Types the given ``text`` into the text field identified by ``locator``.</doc>
<arguments>
<arg>${Inputpass}</arg>
<arg>Richa@12345</arg>
</arguments>
<msg timestamp="20240624 17:36:32.084" level="INFO">Typing text 'Richa@12345' into text field '//input[@id="password"]'.</msg>
<status status="PASS" starttime="20240624 17:36:32.084" endtime="20240624 17:36:32.299"></status>
</kw>
<kw name="Get WebElement" library="SeleniumLibrary">
<doc>Returns the first WebElement matching the given ``locator``.</doc>
<arguments>
<arg>${Inputpass}</arg>
</arguments>
<assign>
<var>${password_field}</var>
</assign>
<msg timestamp="20240624 17:36:32.315" level="INFO">${password_field} = &lt;selenium.webdriver.remote.webelement.WebElement (session="5de8a867781d1acd1d6d242524543ebb", element="f.75A71281793DB62E7086EDB66CEE582E.d.34DC860ED27D4CC983C01C20C42FCE13.e.46")&gt;</msg>
<status status="PASS" starttime="20240624 17:36:32.300" endtime="20240624 17:36:32.315"></status>
</kw>
<kw name="Get Element Attribute" library="SeleniumLibrary">
<doc>Returns the value of ``attribute`` from the element ``locator``.</doc>
<arguments>
<arg>${password_field}</arg>
<arg>type</arg>
</arguments>
<assign>
<var>${type_attribute}</var>
</assign>
<msg timestamp="20240624 17:36:32.334" level="INFO">${type_attribute} = password</msg>
<status status="PASS" starttime="20240624 17:36:32.315" endtime="20240624 17:36:32.334"></status>
</kw>
<kw name="Should Be Equal As Strings" library="BuiltIn">
<doc>Fails if objects are unequal after converting them to strings.</doc>
<arguments>
<arg>${type_attribute}</arg>
<arg>password</arg>
</arguments>
<status status="PASS" starttime="20240624 17:36:32.334" endtime="20240624 17:36:32.334"></status>
</kw>
<kw name="Close All Browsers" library="SeleniumLibrary">
<doc>Closes all open browsers and resets the browser cache.</doc>
<status status="PASS" starttime="20240624 17:36:32.334" endtime="20240624 17:36:32.424"></status>
</kw>
<tags>
<tag>Login_06</tag>
</tags>
<status status="PASS" starttime="20240624 17:36:23.393" endtime="20240624 17:36:32.425" critical="yes"></status>
</test>
<test id="s1-t7" name="7.Login handles Case Sensitive">
<kw name="Open Browser" library="SeleniumLibrary">
<doc>Opens a new browser instance to the optional ``url``.</doc>
<arguments>
<arg>${url}</arg>
<arg>${Browser}</arg>
</arguments>
<msg timestamp="20240624 17:36:32.435" level="INFO">Opening browser 'Chrome' to base url 'http://practice.automationtesting.in/'.</msg>
<status status="PASS" starttime="20240624 17:36:32.435" endtime="20240624 17:36:42.127"></status>
</kw>
<kw name="Click Element" library="SeleniumLibrary">
<doc>Click the element identified by ``locator``.</doc>
<arguments>
<arg>${MyAccount}</arg>
</arguments>
<msg timestamp="20240624 17:36:42.129" level="INFO">Clicking element '//a[contains(text(),"My Account")]'.</msg>
<status status="PASS" starttime="20240624 17:36:42.128" endtime="20240624 17:36:43.568"></status>
</kw>
<kw name="Input Text" library="SeleniumLibrary">
<doc>Types the given ``text`` into the text field identified by ``locator``.</doc>
<arguments>
<arg>${Inputemail}</arg>
<arg>TYAGIRICHA80+1@GMAIL.COM</arg>
</arguments>
<msg timestamp="20240624 17:36:43.568" level="INFO">Typing text 'TYAGIRICHA80+1@GMAIL.COM' into text field '//input[@id="username"]'.</msg>
<status status="PASS" starttime="20240624 17:36:43.568" endtime="20240624 17:36:44.183"></status>
</kw>
<kw name="Input Text" library="SeleniumLibrary">
<doc>Types the given ``text`` into the text field identified by ``locator``.</doc>
<arguments>
<arg>${Inputpass}</arg>
<arg>rICHA@12345</arg>
</arguments>
<msg timestamp="20240624 17:36:44.183" level="INFO">Typing text 'rICHA@12345' into text field '//input[@id="password"]'.</msg>
<status status="PASS" starttime="20240624 17:36:44.183" endtime="20240624 17:36:44.397"></status>
</kw>
<kw name="Click Button" library="SeleniumLibrary">
<doc>Clicks the button identified by ``locator``.</doc>
<arguments>
<arg>${loginButton}</arg>
</arguments>
<msg timestamp="20240624 17:36:44.398" level="INFO">Clicking button '//input[@class="woocommerce-Button button"]'.</msg>
<status status="PASS" starttime="20240624 17:36:44.398" endtime="20240624 17:36:46.634"></status>
</kw>
<kw name="Page Should Contain Element" library="SeleniumLibrary">
<doc>Verifies that element ``locator`` is found on the current page.</doc>
<arguments>
<arg>${login_invalidpas}</arg>
</arguments>
<msg timestamp="20240624 17:36:46.666" level="INFO">Current page contains element '//li[contains(text(),"The password you entered for the username ")]'.</msg>
<status status="PASS" starttime="20240624 17:36:46.634" endtime="20240624 17:36:46.666"></status>
</kw>
<kw name="Close All Browsers" library="SeleniumLibrary">
<doc>Closes all open browsers and resets the browser cache.</doc>
<status status="PASS" starttime="20240624 17:36:46.666" endtime="20240624 17:36:46.774"></status>
</kw>
<tags>
<tag>Login_07</tag>
</tags>
<status status="PASS" starttime="20240624 17:36:32.430" endtime="20240624 17:36:46.775" critical="yes"></status>
</test>
<test id="s1-t8" name="8.Login Authentication">
<kw name="Open Browser" library="SeleniumLibrary">
<doc>Opens a new browser instance to the optional ``url``.</doc>
<arguments>
<arg>${url}</arg>
<arg>${Browser}</arg>
</arguments>
<msg timestamp="20240624 17:36:46.782" level="INFO">Opening browser 'Chrome' to base url 'http://practice.automationtesting.in/'.</msg>
<status status="PASS" starttime="20240624 17:36:46.781" endtime="20240624 17:36:53.712"></status>
</kw>
<kw name="Click Element" library="SeleniumLibrary">
<doc>Click the element identified by ``locator``.</doc>
<arguments>
<arg>${MyAccount}</arg>
</arguments>
<msg timestamp="20240624 17:36:53.713" level="INFO">Clicking element '//a[contains(text(),"My Account")]'.</msg>
<status status="PASS" starttime="20240624 17:36:53.712" endtime="20240624 17:36:56.469"></status>
</kw>
<kw name="Input Text" library="SeleniumLibrary">
<doc>Types the given ``text`` into the text field identified by ``locator``.</doc>
<arguments>
<arg>${Inputemail}</arg>
<arg>tyagiricha80+1@gmail.com</arg>
</arguments>
<msg timestamp="20240624 17:36:56.470" level="INFO">Typing text 'tyagiricha80+1@gmail.com' into text field '//input[@id="username"]'.</msg>
<status status="PASS" starttime="20240624 17:36:56.469" endtime="20240624 17:36:56.772"></status>
</kw>
<kw name="Input Text" library="SeleniumLibrary">
<doc>Types the given ``text`` into the text field identified by ``locator``.</doc>
<arguments>
<arg>${Inputpass}</arg>
<arg>Richa@12345</arg>
</arguments>
<msg timestamp="20240624 17:36:56.773" level="INFO">Typing text 'Richa@12345' into text field '//input[@id="password"]'.</msg>
<status status="PASS" starttime="20240624 17:36:56.772" endtime="20240624 17:36:56.905"></status>
</kw>
<kw name="Click Button" library="SeleniumLibrary">
<doc>Clicks the button identified by ``locator``.</doc>
<arguments>
<arg>${loginButton}</arg>
</arguments>
<msg timestamp="20240624 17:36:56.905" level="INFO">Clicking button '//input[@class="woocommerce-Button button"]'.</msg>
<status status="PASS" starttime="20240624 17:36:56.905" endtime="20240624 17:36:59.087"></status>
</kw>
<kw name="Click Element" library="SeleniumLibrary">
<doc>Click the element identified by ``locator``.</doc>
<arguments>
<arg>${SignOut}</arg>
</arguments>
<msg timestamp="20240624 17:36:59.087" level="INFO">Clicking element '//a[contains(text(),"Sign out")]'.</msg>
<status status="PASS" starttime="20240624 17:36:59.087" endtime="20240624 17:37:01.087"></status>
</kw>
<kw name="Go Back" library="SeleniumLibrary">
<doc>Simulates the user clicking the back button on their browser.</doc>
<status status="PASS" starttime="20240624 17:37:01.087" endtime="20240624 17:37:02.428"></status>
</kw>
<kw name="Page Should Contain Element" library="SeleniumLibrary">
<doc>Verifies that element ``locator`` is found on the current page.</doc>
<arguments>
<arg>${Login_Page}</arg>
</arguments>
<msg timestamp="20240624 17:37:02.486" level="INFO">Current page contains element '//h2[contains(text(),"Login")]'.</msg>
<status status="PASS" starttime="20240624 17:37:02.428" endtime="20240624 17:37:02.486"></status>
</kw>
<kw name="Close All Browsers" library="SeleniumLibrary">
<doc>Closes all open browsers and resets the browser cache.</doc>
<status status="PASS" starttime="20240624 17:37:02.486" endtime="20240624 17:37:02.639"></status>
</kw>
<tags>
<tag>Login_08</tag>
</tags>
<status status="PASS" starttime="20240624 17:36:46.777" endtime="20240624 17:37:02.639" critical="yes"></status>
</test>
<status status="PASS" starttime="20240624 17:35:18.999" endtime="20240624 17:37:02.644"></status>
</suite>
<statistics>
<total>
<stat pass="8" fail="0">Critical Tests</stat>
<stat pass="8" fail="0">All Tests</stat>
</total>
<tag>
<stat pass="1" fail="0">Login_01</stat>
<stat pass="1" fail="0">Login_02</stat>
<stat pass="1" fail="0">Login_03</stat>
<stat pass="1" fail="0">Login_04</stat>
<stat pass="1" fail="0">Login_05</stat>
<stat pass="1" fail="0">Login_06</stat>
<stat pass="1" fail="0">Login_07</stat>
<stat pass="1" fail="0">Login_08</stat>
</tag>
<suite>
<stat pass="8" fail="0" id="s1" name="MyAccountLogin">MyAccountLogin</stat>
</suite>
</statistics>
<errors>
</errors>
</robot>
