<?xml version="1.0" encoding="UTF-8"?>
<robot generator="Robot 3.2.1 (Python 3.8.10 on linux)" generated="20240226 15:10:04.588" rpa="false">
<suite id="s1" name="TextboxElement" source="/home/richatyagi/PycharmProjects/pythonProject/DemoQA/TextboxElement.robot">
<test id="s1-t1" name="DemoQa">
<kw name="Open Browser">
<arguments>
<arg>Chrome</arg>
<arg>${url}</arg>
</arguments>
<msg timestamp="20240226 15:10:04.606" level="FAIL">No keyword with name 'Open Browser' found.</msg>
<status status="FAIL" starttime="20240226 15:10:04.606" endtime="20240226 15:10:04.606"></status>
</kw>
<status status="FAIL" starttime="20240226 15:10:04.605" endtime="20240226 15:10:04.606" critical="yes">No keyword with name 'Open Browser' found.</status>
</test>
<status status="FAIL" starttime="20240226 15:10:04.589" endtime="20240226 15:10:04.607"></status>
</suite>
<statistics>
<total>
<stat pass="0" fail="1">Critical Tests</stat>
<stat pass="0" fail="1">All Tests</stat>
</total>
<tag>
</tag>
<suite>
<stat pass="0" fail="1" id="s1" name="TextboxElement">TextboxElement</stat>
</suite>
</statistics>
<errors>
<msg timestamp="20240226 15:10:04.566" level="ERROR">Error in file '/home/richatyagi/PycharmProjects/pythonProject/DemoQA/TextboxElement.robot' on line 4: Invalid variable name '{url}'.</msg>
<msg timestamp="20240226 15:10:04.566" level="ERROR">Error in file '/home/richatyagi/PycharmProjects/pythonProject/DemoQA/TextboxElement.robot' on line 5: Invalid variable name '{Elementslink}'.</msg>
</errors>
</robot>
