<?xml version="1.0" encoding="UTF-8"?>
<robot generator="Robot 3.2.1 (Python 3.8.10 on linux)" generated="20240617 11:18:57.165" rpa="false">
<suite id="s1" name="Flipkart" source="/home/richatyagi/PycharmProjects/pythonProject/DemoQa/flipkart.robot">
<test id="s1-t1" name="Test">
<kw name="Open Browser" library="SeleniumLibrary">
<doc>Opens a new browser instance to the optional ``url``.</doc>
<arguments>
<arg>${url}</arg>
<arg>${browser}</arg>
</arguments>
<msg timestamp="20240617 11:18:57.280" level="INFO">Opening browser 'chrome' to base url 'https://www.amazon.in/'.</msg>
<status status="PASS" starttime="20240617 11:18:57.280" endtime="20240617 11:19:04.493"></status>
</kw>
<kw name="Maximize Browser Window" library="SeleniumLibrary">
<doc>Maximizes current browser window.</doc>
<status status="PASS" starttime="20240617 11:19:04.494" endtime="20240617 11:19:04.596"></status>
</kw>
<kw name="Input Text" library="SeleniumLibrary">
<doc>Types the given ``text`` into the text field identified by ``locator``.</doc>
<arguments>
<arg>${Search}</arg>
<arg>shoes</arg>
</arguments>
<msg timestamp="20240617 11:19:04.597" level="INFO">Typing text 'shoes' into text field '//*[@id="twotabsearchtextbox"]'.</msg>
<status status="PASS" starttime="20240617 11:19:04.596" endtime="20240617 11:19:04.913"></status>
</kw>
<kw name="Get Window Handles" library="SeleniumLibrary">
<doc>Returns all child window handles of the selected browser as a list.</doc>
<assign>
<var>${original_window}</var>
</assign>
<msg timestamp="20240617 11:19:04.915" level="INFO">${original_window} = ['253EE18FF7021F4B37564DA8F522EAB7']</msg>
<status status="PASS" starttime="20240617 11:19:04.913" endtime="20240617 11:19:04.915"></status>
</kw>
<kw name="Click Element" library="SeleniumLibrary">
<doc>Click the element identified by ``locator``.</doc>
<arguments>
<arg>${Searchicon}</arg>
</arguments>
<msg timestamp="20240617 11:19:04.916" level="INFO">Clicking element '//*[@id="nav-search-submit-button"]'.</msg>
<status status="PASS" starttime="20240617 11:19:04.916" endtime="20240617 11:19:08.761"></status>
</kw>
<kw name="Sleep" library="BuiltIn">
<doc>Pauses the test executed for the given time.</doc>
<arguments>
<arg>5s</arg>
</arguments>
<msg timestamp="20240617 11:19:13.762" level="INFO">Slept 5 seconds</msg>
<status status="PASS" starttime="20240617 11:19:08.762" endtime="20240617 11:19:13.763"></status>
</kw>
<kw name="Click Element" library="SeleniumLibrary">
<doc>Click the element identified by ``locator``.</doc>
<arguments>
<arg>${SearchResult3}</arg>
</arguments>
<msg timestamp="20240617 11:19:13.764" level="INFO">Clicking element '//*[@data-cel-widget="search_result_4"]'.</msg>
<status status="PASS" starttime="20240617 11:19:13.763" endtime="20240617 11:19:14.006"></status>
</kw>
<kw name="Get Window Handles" library="SeleniumLibrary">
<doc>Returns all child window handles of the selected browser as a list.</doc>
<assign>
<var>${new_window}</var>
</assign>
<msg timestamp="20240617 11:19:14.017" level="INFO">${new_window} = ['253EE18FF7021F4B37564DA8F522EAB7', '102948E297531026260C927813EEE958']</msg>
<status status="PASS" starttime="20240617 11:19:14.006" endtime="20240617 11:19:14.017"></status>
</kw>
<kw name="Select Window" library="SeleniumLibrary">
<doc>DEPRECATED in SeleniumLibrary 4.0. , use `Switch Window` instead.</doc>
<arguments>
<arg>${new_window}[1]</arg>
</arguments>
<status status="PASS" starttime="20240617 11:19:14.017" endtime="20240617 11:19:14.074"></status>
</kw>
<kw name="Set Variable" library="BuiltIn">
<doc>Returns the given values which can then be assigned to a variables.</doc>
<arguments>
<arg>example.csv</arg>
</arguments>
<assign>
<var>${file_path}</var>
</assign>
<msg timestamp="20240617 11:19:14.075" level="INFO">${file_path} = example.csv</msg>
<status status="PASS" starttime="20240617 11:19:14.075" endtime="20240617 11:19:14.075"></status>
</kw>
<kw name="Wait Until Element Is Visible" library="SeleniumLibrary">
<doc>Waits until the element ``locator`` is visible.</doc>
<arguments>
<arg>${ProductName}</arg>
</arguments>
<status status="PASS" starttime="20240617 11:19:14.077" endtime="20240617 11:19:18.090"></status>
</kw>
<kw name="Run Keyword" library="BuiltIn">
<doc>Executes the given keyword with the given arguments.</doc>
<arguments>
<arg>Get Text</arg>
<arg>${ProductName}</arg>
</arguments>
<assign>
<var>${Productname}</var>
</assign>
<kw name="Get Text" library="SeleniumLibrary">
<doc>Returns the text value of the element identified by ``locator``.</doc>
<arguments>
<arg>${ProductName}</arg>
</arguments>
<status status="PASS" starttime="20240617 11:19:18.091" endtime="20240617 11:19:18.187"></status>
</kw>
<msg timestamp="20240617 11:19:18.187" level="INFO">${Productname} = adidas Mens Runfalcon 3.0 Running Shoe</msg>
<status status="PASS" starttime="20240617 11:19:18.090" endtime="20240617 11:19:18.187"></status>
</kw>
<kw name="Log To Console" library="BuiltIn">
<doc>Logs the given message to the console.</doc>
<arguments>
<arg>Product Name is: ${Productname}</arg>
</arguments>
<status status="PASS" starttime="20240617 11:19:18.187" endtime="20240617 11:19:18.188"></status>
</kw>
<kw name="Wait Until Element Is Visible" library="SeleniumLibrary">
<doc>Waits until the element ``locator`` is visible.</doc>
<arguments>
<arg>${ProductPrize}</arg>
</arguments>
<status status="PASS" starttime="20240617 11:19:18.188" endtime="20240617 11:19:18.311"></status>
</kw>
<kw name="Run Keyword" library="BuiltIn">
<doc>Executes the given keyword with the given arguments.</doc>
<arguments>
<arg>Get Text</arg>
<arg>${ProductPrize}</arg>
</arguments>
<assign>
<var>${Productprize}</var>
</assign>
<kw name="Get Text" library="SeleniumLibrary">
<doc>Returns the text value of the element identified by ``locator``.</doc>
<arguments>
<arg>${ProductPrize}</arg>
</arguments>
<status status="PASS" starttime="20240617 11:19:18.312" endtime="20240617 11:19:18.338"></status>
</kw>
<msg timestamp="20240617 11:19:18.339" level="INFO">${Productprize} = 3,234</msg>
<status status="PASS" starttime="20240617 11:19:18.312" endtime="20240617 11:19:18.339"></status>
</kw>
<kw name="Log To Console" library="BuiltIn">
<doc>Logs the given message to the console.</doc>
<arguments>
<arg>Product Prize is: ${Productprize}</arg>
</arguments>
<status status="PASS" starttime="20240617 11:19:18.339" endtime="20240617 11:19:18.339"></status>
</kw>
<kw name="Wait Until Element Is Visible" library="SeleniumLibrary">
<doc>Waits until the element ``locator`` is visible.</doc>
<arguments>
<arg>${ProductRating}</arg>
</arguments>
<status status="PASS" starttime="20240617 11:19:18.339" endtime="20240617 11:19:18.381"></status>
</kw>
<kw name="Run Keyword" library="BuiltIn">
<doc>Executes the given keyword with the given arguments.</doc>
<arguments>
<arg>Get Text</arg>
<arg>${ProductRating}</arg>
</arguments>
<assign>
<var>${Productrating}</var>
</assign>
<kw name="Get Text" library="SeleniumLibrary">
<doc>Returns the text value of the element identified by ``locator``.</doc>
<arguments>
<arg>${ProductRating}</arg>
</arguments>
<status status="PASS" starttime="20240617 11:19:18.382" endtime="20240617 11:19:18.415"></status>
</kw>
<msg timestamp="20240617 11:19:18.415" level="INFO">${Productrating} = 4.1</msg>
<status status="PASS" starttime="20240617 11:19:18.382" endtime="20240617 11:19:18.415"></status>
</kw>
<kw name="Log To Console" library="BuiltIn">
<doc>Logs the given message to the console.</doc>
<arguments>
<arg>Product Rating is: ${Productrating}</arg>
</arguments>
<status status="PASS" starttime="20240617 11:19:18.415" endtime="20240617 11:19:18.415"></status>
</kw>
<kw name="Log" library="BuiltIn">
<doc>Logs the given message with the given level.</doc>
<arguments>
<arg>Product details written to CSV file successfully.</arg>
</arguments>
<msg timestamp="20240617 11:19:18.416" level="INFO">Product details written to CSV file successfully.</msg>
<status status="PASS" starttime="20240617 11:19:18.416" endtime="20240617 11:19:18.416"></status>
</kw>
<kw name="Create List" library="BuiltIn">
<doc>Returns a list containing given items.</doc>
<arguments>
<arg>${Productname}</arg>
<arg>${Productprize}</arg>
<arg>${Productrating}</arg>
</arguments>
<assign>
<var>${data}</var>
</assign>
<msg timestamp="20240617 11:19:18.417" level="INFO">${data} = ['adidas Mens Runfalcon 3.0 Running Shoe', '3,234', '4.1']</msg>
<status status="PASS" starttime="20240617 11:19:18.416" endtime="20240617 11:19:18.417"></status>
</kw>
<kw name="Create File" library="OperatingSystem">
<doc>Creates a file with the given content and encoding.</doc>
<arguments>
<arg>${file_path}</arg>
</arguments>
<msg timestamp="20240617 11:19:18.417" level="INFO" html="yes">Created file '&lt;a href="file:///home/richatyagi/PycharmProjects/pythonProject/DemoQa/example.csv"&gt;/home/richatyagi/PycharmProjects/pythonProject/DemoQa/example.csv&lt;/a&gt;'.</msg>
<status status="PASS" starttime="20240617 11:19:18.417" endtime="20240617 11:19:18.417"></status>
</kw>
<kw name="Append To File" library="OperatingSystem">
<doc>Appends the given content to the specified file.</doc>
<arguments>
<arg>${file_path}</arg>
<arg>${data}\n</arg>
</arguments>
<msg timestamp="20240617 11:19:18.418" level="INFO" html="yes">Appended to file '&lt;a href="file:///home/richatyagi/PycharmProjects/pythonProject/DemoQa/example.csv"&gt;/home/richatyagi/PycharmProjects/pythonProject/DemoQa/example.csv&lt;/a&gt;'.</msg>
<status status="PASS" starttime="20240617 11:19:18.417" endtime="20240617 11:19:18.418"></status>
</kw>
<kw name="File Should Exist" library="OperatingSystem">
<doc>Fails unless the given ``path`` points to an existing file.</doc>
<arguments>
<arg>${file_path}</arg>
</arguments>
<msg timestamp="20240617 11:19:18.418" level="INFO" html="yes">File '&lt;a href="file:///home/richatyagi/PycharmProjects/pythonProject/DemoQa/example.csv"&gt;/home/richatyagi/PycharmProjects/pythonProject/DemoQa/example.csv&lt;/a&gt;' exists.</msg>
<status status="PASS" starttime="20240617 11:19:18.418" endtime="20240617 11:19:18.418"></status>
</kw>
<status status="PASS" starttime="20240617 11:18:57.279" endtime="20240617 11:19:18.419" critical="yes"></status>
</test>
<status status="PASS" starttime="20240617 11:18:57.166" endtime="20240617 11:19:18.420"></status>
</suite>
<statistics>
<total>
<stat pass="1" fail="0">Critical Tests</stat>
<stat pass="1" fail="0">All Tests</stat>
</total>
<tag>
</tag>
<suite>
<stat pass="1" fail="0" id="s1" name="Flipkart">Flipkart</stat>
</suite>
</statistics>
<errors>
</errors>
</robot>
